<?xml version="1.0" encoding="UTF-8"?>
<!-- Generated by org.testng.reporters.JUnitXMLReporter -->
<testsuite ignored="0" hostname="Nurs-Air.hsd1.md.comcast.net" failures="0" tests="31" name="/Users/nur428/IdeaProjects/javaproject" time="443.553" errors="0" timestamp="22 Jun 2021 01:16:16 GMT">
  <testcase classname="org.example.testflows.OrangeHRMTestFlow" name="loginTest" time="6.883"/>
  <testcase classname="org.example.testflows.OrangeHRMTestFlow" name="resetPasswordTest" time="7.262"/>
  <testcase classname="org.example.testflows.OrangeHRMTestFlow" name="invalidPasswordTest" time="4.415"/>
  <testcase classname="org.example.testflows.OrangeHRMTestFlow" name="invalidUsernameTest" time="2.829"/>
  <testcase classname="org.example.testflows.OrangeHRMTestFlow" name="emptyUsernameTest" time="2.369"/>
  <testcase classname="org.example.testflows.OrangeHRMTestFlow" name="emptyPasswordTest" time="2.572"/>
  <testcase classname="org.example.testflows.OrangeHRMTestFlow" name="passwordResettingErrorTest" time="2.512"/>
  <testcase classname="org.example.testflows.OrangeHRMTestFlow" name="passwordResettingErrorWithSpecialCharacterTest" time="3.006"/>
  <testcase classname="org.example.testflows.OrangeHRMTestFlow" name="validateLoginPageTextTest" time="6.485"/>
  <testcase classname="org.example.testflows.OrangeHRMTestFlow" name="validateDashboardPageLinksTest" time="14.298"/>
  <testcase classname="org.example.testflows.OrangeHRMTestFlow" name="validateMyInfoPageTest" time="17.921"/>
  <testcase classname="org.example.testflows.OrangeHRMTestFlow" name="editMyPersonalInfoTest" time="12.014"/>
  <testcase classname="org.example.testflows.OrangeHRMTestFlow" name="editCustomFieldTest" time="13.836"/>
  <testcase classname="org.example.testflows.OrangeHRMTestFlow" name="editContactDetailsTest" time="17.025"/>
  <testcase classname="org.example.testflows.OrangeHRMTestFlow" name="addEmergencyContactsTest" time="12.214"/>
  <testcase classname="org.example.testflows.OrangeHRMTestFlow" name="addDependentsTest" time="11.548"/>
  <testcase classname="org.example.testflows.OrangeHRMTestFlow" name="addImmigrantRecordsTest" time="19.781"/>
  <testcase classname="org.example.testflows.OrangeHRMTestFlow" name="deleteImmigrationRecordTest" time="8.739"/>
  <testcase classname="org.example.testflows.OrangeHRMTestFlow" name="validateAdminPageTest" time="31.254"/>
  <testcase classname="org.example.testflows.OrangeHRMTestFlow" name="addSystemUserTest" time="12.318"/>
  <testcase classname="org.example.testflows.OrangeHRMTestFlow" name="searchSystemUserTest" time="10.849"/>
  <testcase classname="org.example.testflows.OrangeHRMTestFlow" name="searchInvalidUserTest" time="8.682"/>
  <testcase classname="org.example.testflows.OrangeHRMTestFlow" name="addJobTitleTest" time="10.949"/>
  <testcase classname="org.example.testflows.OrangeHRMTestFlow" name="deleteJobTitleTest" time="12.6"/>
  <testcase classname="org.example.testflows.OrangeHRMTestFlow" name="validatePIMPageTest" time="15.833"/>
  <testcase classname="org.example.testflows.OrangeHRMTestFlow" name="addEmployeeTest" time="11.159"/>
  <testcase classname="org.example.testflows.OrangeHRMTestFlow" name="searchEmployeeTest" time="8.459"/>
  <testcase classname="org.example.testflows.OrangeHRMTestFlow" name="validateLeavePageTest" time="24.67"/>
  <testcase classname="org.example.testflows.OrangeHRMTestFlow" name="assignListTest" time="16.267"/>
  <testcase classname="org.example.testflows.OrangeHRMTestFlow" name="searchLeaveListTest" time="13.315"/>
  <testcase classname="org.example.testflows.OrangeHRMTestFlow" name="validateTimePageTest" time="22.247"/>
</testsuite> <!-- /Users/nur428/IdeaProjects/javaproject -->
